<?xml version="1.0" encoding="UTF-8"?>
<!-- Generated by org.testng.reporters.JUnitReportReporter -->
<testsuite hostname="Admins-MacBook-Pro.local" failures="0" tests="4" name="HybridFrameworkTestNG.Testcases.Login_Test" time="99.206" errors="0" timestamp="2024-07-12T18:49:58 IST" skipped="0">
  <testcase classname="HybridFrameworkTestNG.Testcases.Login_Test" name="verifyLoginWithInvalidCredentialsPassword" time="24.204"/>
  <testcase classname="HybridFrameworkTestNG.Testcases.Login_Test" name="verifyLoginWithValidCredentials" time="25.268"/>
  <testcase classname="HybridFrameworkTestNG.Testcases.Login_Test" name="verifyLoginWithInvalidCredentialsEmail" time="23.869"/>
  <testcase classname="HybridFrameworkTestNG.Testcases.Login_Test" name="verifyLoginWithValidCredentials" time="25.865"/>
</testsuite> <!-- HybridFrameworkTestNG.Testcases.Login_Test -->
