<?xml version="1.0" encoding="UTF-8"?>
<!-- Generated by org.testng.reporters.JUnitReportReporter -->
<testsuite hostname="Admins-MacBook-Pro.local" failures="0" tests="4" name="HybridFrameworkTestNG.Testcases.RegisterTest" time="121.357" errors="0" timestamp="2024-07-12T17:11:39 IST" skipped="0">
  <testcase classname="HybridFrameworkTestNG.Testcases.RegisterTest" name="LaunchBrowser_Register" time="32.113"/>
  <testcase classname="HybridFrameworkTestNG.Testcases.RegisterTest" name="InvalidRegisterNil" time="27.266"/>
  <testcase classname="HybridFrameworkTestNG.Testcases.RegisterTest" name="Register_AllFields" time="30.460"/>
  <testcase classname="HybridFrameworkTestNG.Testcases.RegisterTest" name="InvalidRegister" time="31.518"/>
</testsuite> <!-- HybridFrameworkTestNG.Testcases.RegisterTest -->
