<?xml version="1.0" encoding="UTF-8"?>
<!-- Generated by org.testng.reporters.JUnitReportReporter -->
<testsuite hostname="Admins-MacBook-Pro.local" failures="0" tests="2" name="HybridFrameworkTestNG.Testcases.Login_Test" time="43.475" errors="0" timestamp="2024-07-12T18:20:45 IST" skipped="0">
  <testcase classname="HybridFrameworkTestNG.Testcases.Login_Test" name="verifyLoginWithValidCredentials" time="20.656"/>
  <testcase classname="HybridFrameworkTestNG.Testcases.Login_Test" name="verifyLoginWithValidCredentials" time="22.819"/>
</testsuite> <!-- HybridFrameworkTestNG.Testcases.Login_Test -->
