<?xml version="1.0" encoding="UTF-8"?>
<!-- Generated by org.testng.reporters.JUnitReportReporter -->
<testsuite hostname="Admins-MacBook-Pro.local" failures="0" tests="1" name="BasePackage.ReadDataFromExcel" time="1.073" errors="0" timestamp="2024-07-12T04:56:16 IST" skipped="0">
  <testcase classname="BasePackage.ReadDataFromExcel" name="Exceldata" time="1.073"/>
</testsuite> <!-- BasePackage.ReadDataFromExcel -->
