<?xml version="1.0" encoding="UTF-8"?>
<!-- Generated by org.testng.reporters.JUnitReportReporter -->
<testsuite hostname="Admins-MacBook-Pro.local" failures="0" tests="4" name="HybridFrameworkTestNG.Testcases.RegisterTest" time="120.268" errors="0" timestamp="2024-07-12T18:49:58 IST" skipped="0">
  <testcase classname="HybridFrameworkTestNG.Testcases.RegisterTest" name="InvalidRegisterNil" time="28.497"/>
  <testcase classname="HybridFrameworkTestNG.Testcases.RegisterTest" name="InvalidRegister" time="31.262"/>
  <testcase classname="HybridFrameworkTestNG.Testcases.RegisterTest" name="Register_AllFields" time="30.162"/>
  <testcase classname="HybridFrameworkTestNG.Testcases.RegisterTest" name="LaunchBrowser_Register" time="30.347"/>
</testsuite> <!-- HybridFrameworkTestNG.Testcases.RegisterTest -->
