<?xml version="1.0" encoding="UTF-8"?>
<!-- Generated by org.testng.reporters.JUnitReportReporter -->
<testsuite hostname="Admins-MacBook-Pro.local" failures="0" tests="2" name="BasePackage.Multipleclass_DataProvider" time="45.844" errors="0" timestamp="2024-07-14T20:07:15 IST" skipped="0">
  <testcase classname="BasePackage.Multipleclass_DataProvider" name="readfromdataprovider" time="25.760"/>
  <testcase classname="BasePackage.Multipleclass_DataProvider" name="readfromdataprovider" time="20.084"/>
</testsuite> <!-- BasePackage.Multipleclass_DataProvider -->
