<?xml version="1.0" encoding="UTF-8"?>
<!-- Generated by org.testng.reporters.JUnitReportReporter -->
<testsuite hostname="Admins-MacBook-Pro.local" failures="0" tests="3" name="HybridFrameworkTestNG.Testcases.Search_Test" time="60.434" errors="0" timestamp="2024-07-12T18:49:58 IST" skipped="0">
  <testcase classname="HybridFrameworkTestNG.Testcases.Search_Test" name="SearchBlank" time="19.303"/>
  <testcase classname="HybridFrameworkTestNG.Testcases.Search_Test" name="SearchHP" time="19.829"/>
  <testcase classname="HybridFrameworkTestNG.Testcases.Search_Test" name="SearchHONDA" time="21.302"/>
</testsuite> <!-- HybridFrameworkTestNG.Testcases.Search_Test -->
