<?xml version="1.0" encoding="UTF-8"?>
<!-- Generated by org.testng.reporters.JUnitReportReporter -->
<testsuite hostname="DESKTOP-QECORG5" failures="0" tests="1" name="BasePackage.TestClass" time="6.323" errors="0" timestamp="2024-07-11T00:00:36 IST" skipped="0">
  <testcase classname="BasePackage.TestClass" name="loadproperties" time="6.323"/>
</testsuite> <!-- BasePackage.TestClass -->
