<?xml version="1.0" encoding="UTF-8"?>
<!-- Generated by org.testng.reporters.JUnitReportReporter -->
<testsuite hostname="Admins-MacBook-Pro.local" failures="0" tests="3" name="HybridFrameworkTestNG.Testcases.Search_Test" time="56.722" errors="0" timestamp="2024-07-12T17:11:39 IST" skipped="0">
  <testcase classname="HybridFrameworkTestNG.Testcases.Search_Test" name="SearchBlank" time="16.397"/>
  <testcase classname="HybridFrameworkTestNG.Testcases.Search_Test" name="SearchHP" time="19.609"/>
  <testcase classname="HybridFrameworkTestNG.Testcases.Search_Test" name="SearchHONDA" time="20.716"/>
</testsuite> <!-- HybridFrameworkTestNG.Testcases.Search_Test -->
