<?xml version="1.0" encoding="UTF-8"?>
<!-- Generated by org.testng.reporters.JUnitReportReporter -->
<<<<<<< HEAD
<testsuite hostname="Admins-MacBook-Pro.local" failures="0" tests="4" name="HybridFrameworkTestNG.Testcases.Login_Test" time="97.307" errors="0" timestamp="2024-07-12T17:11:39 IST" skipped="0">
  <testcase classname="HybridFrameworkTestNG.Testcases.Login_Test" name="verifyLoginWithValidCredentials" time="24.977"/>
  <testcase classname="HybridFrameworkTestNG.Testcases.Login_Test" name="verifyLoginWithInvalidCredentialsEmail" time="23.991"/>
  <testcase classname="HybridFrameworkTestNG.Testcases.Login_Test" name="verifyLoginWithInvalidCredentialsPassword" time="23.260"/>
  <testcase classname="HybridFrameworkTestNG.Testcases.Login_Test" name="verifyLoginWithValidCredentials" time="25.079"/>
=======
<testsuite hostname="Admins-MacBook-Pro.local" failures="0" tests="2" name="HybridFrameworkTestNG.Testcases.Login_Test" time="43.475" errors="0" timestamp="2024-07-12T18:20:45 IST" skipped="0">
  <testcase classname="HybridFrameworkTestNG.Testcases.Login_Test" name="verifyLoginWithValidCredentials" time="20.656"/>
  <testcase classname="HybridFrameworkTestNG.Testcases.Login_Test" name="verifyLoginWithValidCredentials" time="22.819"/>
>>>>>>> 43e85b074e7065c69d2f125ef6c7383cfc83c617
</testsuite> <!-- HybridFrameworkTestNG.Testcases.Login_Test -->
