<?xml version="1.0" encoding="UTF-8"?>
<!-- Generated by org.testng.reporters.JUnitReportReporter -->
<testsuite hostname="DESKTOP-QECORG5" failures="0" tests="1" name="HybridFrameworkTestNG.Testcases.RegisterTest" time="9.284" errors="0" timestamp="2024-07-10T21:27:45 IST" skipped="0">
  <testcase classname="HybridFrameworkTestNG.Testcases.RegisterTest" name="InvalidRegisterNil" time="9.284"/>
</testsuite> <!-- HybridFrameworkTestNG.Testcases.RegisterTest -->
