<?xml version="1.0" encoding="UTF-8"?>
<!-- Generated by org.testng.reporters.JUnitReportReporter -->
<testsuite hostname="Admins-MacBook-Pro.local" failures="0" tests="4" name="HybridFrameworkTestNG.Testcases.Login_Test" time="20.588" errors="0" timestamp="2024-07-15T05:34:23 IST" skipped="0">
  <testcase classname="HybridFrameworkTestNG.Testcases.Login_Test" name="verifyLoginWithValidCredentials" time="4.854"/>
  <testcase classname="HybridFrameworkTestNG.Testcases.Login_Test" name="verifyLoginWithInvalidCredentialsEmail" time="4.729"/>
  <testcase classname="HybridFrameworkTestNG.Testcases.Login_Test" name="verifyLoginWithInvalidCredentialsPassword" time="4.907"/>
  <testcase classname="HybridFrameworkTestNG.Testcases.Login_Test" name="verifyLoginWithValidCredentials" time="6.098"/>
</testsuite> <!-- HybridFrameworkTestNG.Testcases.Login_Test -->
