<?xml version="1.0" encoding="UTF-8"?>
<!-- Generated by org.testng.reporters.JUnitReportReporter -->
<testsuite hostname="DESKTOP-QECORG5" failures="0" tests="4" name="HybridFrameworkTestNG.Testcases.RegisterTest" time="31.391" errors="0" timestamp="2024-07-11T04:20:43 IST" skipped="0">
  <testcase classname="HybridFrameworkTestNG.Testcases.RegisterTest" name="InvalidRegister" time="9.455"/>
  <testcase classname="HybridFrameworkTestNG.Testcases.RegisterTest" name="Register_AllFields" time="7.015"/>
  <testcase classname="HybridFrameworkTestNG.Testcases.RegisterTest" name="InvalidRegisterNil" time="6.881"/>
  <testcase classname="HybridFrameworkTestNG.Testcases.RegisterTest" name="LaunchBrowser_Register" time="8.040"/>
</testsuite> <!-- HybridFrameworkTestNG.Testcases.RegisterTest -->
