<?xml version="1.0" encoding="UTF-8"?>
<!-- Generated by org.testng.reporters.JUnitReportReporter -->
<testsuite hostname="Admins-MacBook-Pro.local" failures="0" tests="3" name="HybridFrameworkTestNG.Testcases.Search_Test" time="12.670" errors="0" timestamp="2024-07-15T05:34:23 IST" skipped="0">
  <testcase classname="HybridFrameworkTestNG.Testcases.Search_Test" name="SearchBlank" time="4.197"/>
  <testcase classname="HybridFrameworkTestNG.Testcases.Search_Test" name="SearchHONDA" time="4.215"/>
  <testcase classname="HybridFrameworkTestNG.Testcases.Search_Test" name="SearchHP" time="4.258"/>
</testsuite> <!-- HybridFrameworkTestNG.Testcases.Search_Test -->
