<?xml version="1.0" encoding="UTF-8"?>
<!-- Generated by org.testng.reporters.JUnitReportReporter -->
<testsuite hostname="DESKTOP-QECORG5" failures="0" tests="4" name="HybridFrameworkTestNG.Testcases.Login_Test" time="34.700" errors="0" timestamp="2024-07-11T04:20:43 IST" skipped="0">
  <testcase classname="HybridFrameworkTestNG.Testcases.Login_Test" name="verifyLoginWithInvalidCredentialsEmail" time="7.693"/>
  <testcase classname="HybridFrameworkTestNG.Testcases.Login_Test" name="verifyLoginWithValidCredentials" time="7.957"/>
  <testcase classname="HybridFrameworkTestNG.Testcases.Login_Test" name="verifyLoginWithValidCredentials" time="11.186"/>
  <testcase classname="HybridFrameworkTestNG.Testcases.Login_Test" name="verifyLoginWithInvalidCredentialsPassword" time="7.864"/>
</testsuite> <!-- HybridFrameworkTestNG.Testcases.Login_Test -->
