<?xml version="1.0" encoding="UTF-8"?>
<!-- Generated by org.testng.reporters.JUnitReportReporter -->
<testsuite hostname="DESKTOP-QECORG5" failures="0" tests="3" name="HybridFrameworkTestNG.Testcases.Search_Test" time="22.679" errors="0" timestamp="2024-07-11T04:20:43 IST" skipped="0">
  <testcase classname="HybridFrameworkTestNG.Testcases.Search_Test" name="SearchHONDA" time="9.759"/>
  <testcase classname="HybridFrameworkTestNG.Testcases.Search_Test" name="SearchHP" time="6.109"/>
  <testcase classname="HybridFrameworkTestNG.Testcases.Search_Test" name="SearchBlank" time="6.811"/>
</testsuite> <!-- HybridFrameworkTestNG.Testcases.Search_Test -->
