<?xml version="1.0" encoding="UTF-8"?>
<!-- Generated by org.testng.reporters.JUnitReportReporter -->
<testsuite hostname="Admins-MacBook-Pro.local" failures="0" tests="4" name="HybridFrameworkTestNG.Testcases.RegisterTest" time="21.315" errors="0" timestamp="2024-07-15T05:34:23 IST" skipped="0">
  <testcase classname="HybridFrameworkTestNG.Testcases.RegisterTest" name="Register_AllFields" time="5.573"/>
  <testcase classname="HybridFrameworkTestNG.Testcases.RegisterTest" name="LaunchBrowser_Register" time="5.615"/>
  <testcase classname="HybridFrameworkTestNG.Testcases.RegisterTest" name="InvalidRegister" time="5.326"/>
  <testcase classname="HybridFrameworkTestNG.Testcases.RegisterTest" name="InvalidRegisterNil" time="4.801"/>
</testsuite> <!-- HybridFrameworkTestNG.Testcases.RegisterTest -->
